*design* DebussyLib (btIdent Verdi3_K-2015.09-SP1-1)
Command arguments:
    +define+verilog
    -sv
    ../Constant.v
    ../True_dual_ports_ram.v
    ../fifo.v
    ../load_fmap.v
    ../load_weight.v
    ../macc.v
    ../macc_2stage.v
    ../macc_control.v
    ../macc_control_tb.v


*Warning* symbol Wpad_data_ready duplicated
"../macc_control_tb.v", 175: 

*Warning* symbol Wpad_full duplicated
"../macc_control_tb.v", 176: 

*Warning* symbol Fpad_data_ready duplicated
"../macc_control_tb.v", 177: 

*Warning* symbol Fpad_full duplicated
"../macc_control_tb.v", 178: 

*Warning* symbol mac_begin duplicated
"../macc_control_tb.v", 226: 

*Warning* symbol acc_begin duplicated
"../macc_control_tb.v", 227: 
Highest level modules:
macc_2stage
macc_control_tb

Total	0 error(s),   6 warning(s)
