[MHPI_DL_ERROR]simv: undefined symbol: mhpi_skipFileReset
[MHPI_DL_ERROR]simv: undefined symbol: mhpi_addCheckpointFileCB
ANF: vcsd_get_spice_hier_by_vpi(dlerror='simv: undefined symbol: vcsd_get_spice_hier_by_vpi')
ANF: tf_register_processrestart(dlerror='simv: undefined symbol: tf_register_processrestart')
ANF: vcsd_has_any_dynamic_dim(dlerror='simv: undefined symbol: vcsd_has_any_dynamic_dim')
ANF: vcsd_is_low_power_assertion_checker(dlerror='simv: undefined symbol: vcsd_is_low_power_assertion_checker')
ANF: vcsd_get_power_scope_name(dlerror='simv: undefined symbol: vcsd_get_power_scope_name')
ANF: vcsd_dump_network(dlerror='simv: undefined symbol: vcsd_dump_network')
ANF: vcsd_register_openSignatureData(dlerror='simv: undefined symbol: vcsd_register_openSignatureData')
ANF: vcsd_flush_SignatureData(dlerror='simv: undefined symbol: vcsd_flush_SignatureData')
ANF: vcsd_close_SignatureData(dlerror='simv: undefined symbol: vcsd_close_SignatureData')
ANF: vcsd_node_check_initial_force(dlerror='simv: undefined symbol: vcsd_node_check_initial_force')
ANF: vcsd_node_check_callback(dlerror='simv: undefined symbol: vcsd_node_check_callback')
ANF: vcsd_node_register_callback(dlerror='simv: undefined symbol: vcsd_node_register_callback')
ANF: vcsd_node_remove_callback(dlerror='simv: undefined symbol: vcsd_node_remove_callback')
ANF: vcsd_node_varInfo(dlerror='simv: undefined symbol: vcsd_node_varInfo')
ANF: vcsd_node_Ei_Cn_Fn(dlerror='simv: undefined symbol: vcsd_node_Ei_Cn_Fn')
ANF: vcsd_get_max_Fn(dlerror='simv: undefined symbol: vcsd_get_max_Fn')
ANF: vcsd_node_value_pointer(dlerror='simv: undefined symbol: vcsd_node_value_pointer')
ANF: vcsd_free_value_pointer(dlerror='simv: undefined symbol: vcsd_free_value_pointer')
ANF: vcsd_value_pointer_to_fhdb_value(dlerror='simv: undefined symbol: vcsd_value_pointer_to_fhdb_value')
ANF: vcsd_remove_all_callback(dlerror='simv: undefined symbol: vcsd_remove_all_callback')
ANF: vcsd_check_secondary_initDeposit(dlerror='simv: undefined symbol: vcsd_check_secondary_initDeposit')
ANF: vcsd_register_forceVcsBoundary(dlerror='simv: undefined symbol: vcsd_register_forceVcsBoundary')
ANF: vcsd_register_forceSecondary(dlerror='simv: undefined symbol: vcsd_register_forceSecondary')
ANF: vcsd_register_dumpRoot(dlerror='simv: undefined symbol: vcsd_register_dumpRoot')
ANF: vcsd_register_addNewMaster(dlerror='simv: undefined symbol: vcsd_register_addNewMaster')
ANF: vcsd_register_assignSlaveToNewMaster(dlerror='simv: undefined symbol: vcsd_register_assignSlaveToNewMaster')
ANF: vcsd_register_1st_rfn_cbk(dlerror='simv: undefined symbol: vcsd_register_1st_rfn_cbk')
ANF: vcsd_register_2nd_rfn_cbk(dlerror='simv: undefined symbol: vcsd_register_2nd_rfn_cbk')
ANF: vcsd_is_boundary(dlerror='simv: undefined symbol: vcsd_is_boundary')
ANF: vcsd_register_1st_non_network(dlerror='simv: undefined symbol: vcsd_register_1st_non_network')
ANF: vcsd_register_1st_primary_master(dlerror='simv: undefined symbol: vcsd_register_1st_primary_master')
ANF: vcsd_register_1st_primary_slave(dlerror='simv: undefined symbol: vcsd_register_1st_primary_slave')
ANF: vcsd_register_1st_secondary_master_confirm(dlerror='simv: undefined symbol: vcsd_register_1st_secondary_master_confirm')
ANF: vcsd_register_1st_secondary_master_defer(dlerror='simv: undefined symbol: vcsd_register_1st_secondary_master_defer')
ANF: vcsd_register_1st_secondary_slave_masterConfirmedSecondary(dlerror='simv: undefined symbol: vcsd_register_1st_secondary_slave_masterConfirmedSecondary')
ANF: vcsd_register_1st_secondary_slave_masterDeferredSecondary(dlerror='simv: undefined symbol: vcsd_register_1st_secondary_slave_masterDeferredSecondary')
ANF: vcsd_dump_var_vpdg(dlerror='simv: undefined symbol: vcsd_dump_var_vpdg')
ANF: vcsd_register_2nd_secondary_master_remainSecondary(dlerror='simv: undefined symbol: vcsd_register_2nd_secondary_master_remainSecondary')
ANF: vcsd_register_2nd_secondary_master_becomePrimary(dlerror='simv: undefined symbol: vcsd_register_2nd_secondary_master_becomePrimary')
ANF: vcsd_second_traverse(dlerror='simv: undefined symbol: vcsd_second_traverse')
ANF: vcsd_begin_no_value_var_info(dlerror='simv: undefined symbol: vcsd_begin_no_value_var_info')
ANF: vcsd_end_no_value_var_info(dlerror='simv: undefined symbol: vcsd_end_no_value_var_info')
ANF: vcsd_get_value_ptr(dlerror='simv: undefined symbol: vcsd_get_value_ptr')
ANF: vcsd_get_value_type_from_value_ptr(dlerror='simv: undefined symbol: vcsd_get_value_type_from_value_ptr')
ANF: vcsd_mem_value_pointer_to_fhdb_value(dlerror='simv: undefined symbol: vcsd_mem_value_pointer_to_fhdb_value')
ANF: vcsd_is_nettype_array_value_ptr(dlerror='simv: undefined symbol: vcsd_is_nettype_array_value_ptr')
ANF: vcs_get_v2v_id_for_verdi(dlerror='simv: undefined symbol: vcs_get_v2v_id_for_verdi')
ANF: scsd_xprop_is_enabled(dlerror='simv: undefined symbol: scsd_xprop_is_enabled')
ANF: scsd_xprop_sig_is_promoted(dlerror='simv: undefined symbol: scsd_xprop_sig_is_promoted')
ANF: scsd_xprop_int_xvalue(dlerror='simv: undefined symbol: scsd_xprop_int_xvalue')
ANF: scsd_xprop_bool_xvalue(dlerror='simv: undefined symbol: scsd_xprop_bool_xvalue')
ANF: scsd_xprop_enum_xvalue(dlerror='simv: undefined symbol: scsd_xprop_enum_xvalue')
ANF: msvEnableDumpingMode(dlerror='simv: undefined symbol: msvEnableDumpingMode')
ANF: msvIsSpiceEngineReady(dlerror='simv: undefined symbol: msvIsSpiceEngineReady')
ANF: msvSetAddProbeCallback(dlerror='simv: undefined symbol: msvSetAddProbeCallback')
ANF: msvGetInstHandle(dlerror='simv: undefined symbol: msvGetInstHandle')
ANF: msvGetProbeByInst(dlerror='simv: undefined symbol: msvGetProbeByInst')
ANF: msvGetSigHandle(dlerror='simv: undefined symbol: msvGetSigHandle')
ANF: msvGetProbeBySig(dlerror='simv: undefined symbol: msvGetProbeBySig')
ANF: msvGetProbeInfo(dlerror='simv: undefined symbol: msvGetProbeInfo')
ANF: msvRelease(dlerror='simv: undefined symbol: msvRelease')
ANF: msvSetVcCallbackFunc(dlerror='simv: undefined symbol: msvSetVcCallbackFunc')
ANF: msvCheckVcCallback(dlerror='simv: undefined symbol: msvCheckVcCallback')
ANF: msvAddVcCallback(dlerror='simv: undefined symbol: msvAddVcCallback')
ANF: msvRemoveVcCallback(dlerror='simv: undefined symbol: msvRemoveVcCallback')
ANF: msvGetLatestValue(dlerror='simv: undefined symbol: msvGetLatestValue')
ANF: msvSetEndofSimCallback(dlerror='simv: undefined symbol: msvSetEndofSimCallback')
ANF: PI_ace_get_output_time_unit(dlerror='simv: undefined symbol: PI_ace_get_output_time_unit')
ANF: PI_ace_sim_sync(dlerror='simv: undefined symbol: PI_ace_sim_sync')
Chronologic Simulation VCS Release I-2014.03_Full64
Linux 2.6.32-573.el6.x86_64 #1 SMP Wed Jul 1 18:23:37 EDT 2015 x86_64
CPU cores: 2
Limit information:
======================================
cputime			unlimited
filesize		unlimited
datasize		unlimited
stacksize		65536 kbytes
coredumpsize	0 kbytes
memoryuse		unlimited
vmemoryuse		unlimited
descriptors		1024
memorylocked	64 kbytes
maxproc			1024
======================================
(Special)Runtime environment variables:

Runtime environment variables:
DFT_HOME=/opt/Mentor/Tessent2013/
ORBIT_SOCKETDIR=/tmp/orbit-IC
HOSTNAME=IC
UNAME=/bin/uname
GIO_LAUNCHED_DESKTOP_FILE_PID=3732
IMSETTINGS_INTEGRATE_DESKTOP=yes
SCRNAME=vcs
NOVAS_HOME=/opt/Synopsys/Verdi2015
VCS_DEPTH=0
TERM=dumb
SHELL=/bin/bash
Synopsys_Dir=/opt/Synopsys
MYVIMRC=/home/IC/.vimrc
XDG_SESSION_COOKIE=a0bfd28e837df0a07240a6770000000b-1589879438.881684-1188568190
HISTSIZE=1000
Concept_dir=/opt/Concept
Laker_HOME=/opt/Synopsys/Laker_OA2015
GTK_RC_FILES=/etc/gtk/gtkrc:/home/IC/.gtkrc-1.2-gnome2
CDS_LOAD_ENV=CSF
QTDIR=/usr/lib64/qt-3.3
QTINC=/usr/lib64/qt-3.3/include
LC_ALL=C
IMSETTINGS_MODULE=IBus
CALIBRE_2013_4_ALLOW_IXL_ON_RHEL6=101010
USER=IC
LD_LIBRARY_PATH=/opt/Synopsys/VCS2014/amd64/lib:/opt/KeySight/ADS2015/lib/linux_x86_64:/opt/KeySight/ADS2015/adsptolemy/lib.linux_x86_64:/opt/KeySight/ADS2015/lib/linux_x86:/opt/KeySight/ADS2015/adsptolemy/lib.linux_x86::/opt/Synopsys/Verdi2015/share/PLI/VCS/LINUX64
Formality_HOME=/opt/Synopsys/Formality2016
ADS_HOME=/opt/KeySight/ADS2015
SCRIPT_NAME=vcs
VCS_MX_HOME_INTERNAL=1
SSH_AUTH_SOCK=/tmp/keyring-jOnQVO/socket.ssh
GNOME_KEYRING_SOCKET=/tmp/keyring-jOnQVO/socket
SESSION_MANAGER=local/unix:@/tmp/.ICE-unix/3347,unix/unix:/tmp/.ICE-unix/3347
USERNAME=IC
SNPSLMD_LICENSE_FILE=/opt/Synopsys/License/License.dat:/opt/Synopsys/VCS2014/flexlm//license.dat
Hspice_HOME=/opt/Synopsys/Hspice2016
COLUMNS=156
OVA_UUM=0
GIO_LAUNCHED_DESKTOP_FILE=/usr/share/applications/gvim.desktop
Synplify_HOME=/opt/Synopsys/Synplify2015
VCS_MODE_FLAG=64
Virtuoso_HOME=/opt/Cadence/IC617
Incisive_HOME=/opt/Cadence/Incisive14/
PATH=.:/opt/KeySight/ADS2015/bin:/opt/Concept/Symutils/linux23.x86_64:/opt/Concept/SpiceVision:/opt/Concept/SGvision:/opt/Concept/RTLvision:/opt/Concept/Gatevision:/opt/Mentor/Calibre2015/ixl_cal_2015.4_16.11/bin:/opt/Mentor/Tessent2013//bin:/opt/Mentor/ModelSim/modeltech/linux:/opt/Cadence/INNOVUS15/bin:/opt/Cadence/RC11/bin:/opt/Cadence/Incisive14//tools/bin:/opt/Cadence/MMSIM15/tools/spectre/bin:/opt/Cadence/MMSIM15/tools/dfII/bin:/opt/Cadence/MMSIM15/tools/bin:/opt/Cadence/MMSIM15/bin:/opt/Cadence/IC617/tools/plot/bin:/opt/Cadence/IC617/tools/iccraft/bin:/opt/Cadence/IC617/tools/dracula/bin:/opt/Cadence/IC617/tools/dfII/bin:/opt/Cadence/IC617/tools/bin:/opt/Cadence/IC617/share/bin:/opt/Synopsys/Verdi2015/bin:/opt/Synopsys/Verdi2015/bin:/opt/Synopsys/VCS2014/bin:/opt/Synopsys/Synplify2015/bin:/opt/Synopsys/StarRC2015/bin:/opt/Synopsys/PrimeTime2015/bin:/opt/Synopsys/Laker_OA2015/bin:/opt/Synopsys/ICC2016/bin:/opt/Synopsys/Hspice2016/hspice/bin:/opt/Synopsys/Formality2016/bin:/opt/Synopsys/SCL11.11/linux64/bin:/usr/lib64/qt-3.3/bin:/usr/local/bin:/usr/bin:/bin:/usr/local/sbin:/usr/sbin:/sbin:/home/IC/bin
DESKTOP_SESSION=gnome
MAIL=/var/spool/mail/IC
LC_MESSAGES=
QT_IM_MODULE=ibus
PrimeTime_HOME=/opt/Synopsys/PrimeTime2015
Verdi_HOME=/opt/Synopsys/Verdi2015
CALIBRE_HOME=/opt/Mentor/Calibre2015/ixl_cal_2015.4_16.11
PWD=/home/IC/Desktop/1-small_circuit/10-divide_by_three/simulation
Cadence_Dir=/opt/Cadence
XMODIFIERS=@im=ibus
VCS_HOME=/opt/Synopsys/VCS2014
GDM_KEYBOARD_LAYOUT=us
GNOME_KEYRING_PID=3335
LANG=en_US.UTF-8
GDM_LANG=en_US.UTF-8
OA_HOME=/opt/Cadence/IC617/oa_v22.50.043
AGILEESOFD_LICENSE_FILE=/opt/KeySight/ADS2015/License/license.lic
ICC_HOME=/opt/Synopsys/ICC2016
VMR_MODE_FLAG=64
LINES=33
GDMSESSION=gnome
CDS_Netlisting_Mode=Digital
LM_LICENSE_FILE=/opt/Concept/License/License.dat
HISTCONTROL=ignoredups
SSH_ASKPASS=/usr/libexec/openssh/gnome-ssh-askpass
Encounter_HOME=/opt/Cadence/INNOVUS15
VCS_ARG_ADDED_FOR_TMP=1
SNPS_VCS_TMPDIR=/tmp/vcs_20200519122503_23763
SHLVL=4
HOME=/home/IC
MGC_HOME=/opt/Mentor/Calibre2015/ixl_cal_2015.4_16.11
GNOME_DESKTOP_SESSION_ID=this-is-deprecated
CDS_AUTO_64BIT=ALL
MDS_HOME=/opt/Mentor/ModelSim/modeltech/bin:/opt/Cadence/INNOVUS15/bin:/opt/Cadence/RC11/bin:/opt/Cadence/Incisive14//tools/bin:/opt/Cadence/MMSIM15/tools/spectre/bin:/opt/Cadence/MMSIM15/tools/dfII/bin:/opt/Cadence/MMSIM15/tools/bin:/opt/Cadence/MMSIM15/bin:/opt/Cadence/IC617/tools/plot/bin:/opt/Cadence/IC617/tools/iccraft/bin:/opt/Cadence/IC617/tools/dracula/bin:/opt/Cadence/IC617/tools/dfII/bin:/opt/Cadence/IC617/tools/bin:/opt/Cadence/IC617/share/bin:/opt/Synopsys/Verdi2015/bin:/opt/Synopsys/Verdi2015/bin:/opt/Synopsys/VCS2014/bin:/opt/Synopsys/Synplify2015/bin:/opt/Synopsys/StarRC2015/bin:/opt/Synopsys/PrimeTime2015/bin:/opt/Synopsys/Laker_OA2015/bin:/opt/Synopsys/ICC2016/bin:/opt/Synopsys/Hspice2016/hspice/bin:/opt/Synopsys/Formality2016/bin:/opt/Synopsys/SCL11.11/linux64/bin:/usr/lib64/qt-3.3/bin:/usr/local/bin:/usr/bin:/bin:/usr/local/sbin:/usr/sbin:/sbin
VCS_COM=/opt/Synopsys/VCS2014/amd64/bin/vcs1
LOGNAME=IC
Mentor_Dir=/opt/Mentor
CVS_RSH=ssh
QTLIB=/usr/lib64/qt-3.3/lib
MGLS_LICENSE_FILE=/opt/Mentor/License/License.dat
DBUS_SESSION_BUS_ADDRESS=unix:abstract=/tmp/dbus-AUPFWTFI3U,guid=c73d669bcf6aea6b12a3234700000053
CDS_LIC_FILE=/opt/Cadence/License/License.dat
ROWS=33
LESSOPEN=||/usr/bin/lesspipe.sh %s
VIMRUNTIME=/usr/share/vim/vim74
SCL_HOME=/opt/Synopsys/SCL11.11
sysc_uni_pwd=/home/IC/Desktop/1-small_circuit/10-divide_by_three/simulation
WINDOWPATH=1
DISPLAY=:0.0
VCS_ARCH=amd64
MMSIM_HOME=/opt/Cadence/MMSIM15
TOOL_HOME=/opt/Synopsys/VCS2014/amd64
VIM=/usr/share/vim
StarRC_HOME=/opt/Synopsys/StarRC2015
RC_HOME=/opt/Cadence/RC11
G_BROKEN_FILENAMES=1
XAUTHORITY=/var/run/gdm/auth-for-IC-MeRUcc/database
_=./simv
VCS_PATHMAP_PRELOAD_DONE=1
DVE=/opt/Synopsys/VCS2014/gui/dve
TCLLIBPATH=/tmp/auxx/tcllib/lib/tcl8.4
SPECMAN_OUTPUT_TO_TTY=1
Runtime command line arguments:
argv[0]=simv
argv[1]=+v2k
argv[2]=+warn=noACC_CLI_ON
argv[3]=+warn=noTFIPC
argv[4]=+define+
argv[5]=+nospecify
argv[6]=+notimingcheck
204 profile - 100
          CPU/Mem usage: 0.010 sys,  0.130 user,  150.54M sys,  0.00M vm
205 VC callback profile - scalar:0 vector:0
206 Tue May 19 20:25:04 2020
207 pliAppInit
208 *Verdi3* : Enable Parallel Dumping.
209 [MHPI_DL_ERROR]simv: undefined symbol: mhpi_skipFileReset
210 [MHPI_DL_ERROR]simv: undefined symbol: mhpi_addCheckpointFileCB
211 pliAppMiscSet: New Sim Round
212 pliEntryInit
213 LIBSSCORE=found /opt/Synopsys/Verdi2015/share/PLI/VCS/LINUX64/libsscore_vcs201403.so through $LD_LIBRARY_PATH setting.
214 FSDB Dumper for VCS, Release Verdi3_K-2015.09-SP1-1, Linux x86_64/64bit, 01/21/2016
215 (C) 1996 - 2016 by Synopsys, Inc.
216 sps_call_fsdbDumpvars at 0 : ../divide_by_three_tb.v(65)
217 *Verdi3* FSDB WARNING: The FSDB file already exists. Overwriting the FSDB file may crash the programs that are using this file.
218 *Verdi3* : Create FSDB file 'novas.fsdb'
219 *Verdi3* : Begin traversing the scopes, layer (0).
220 *Verdi3* : End of traversing.
221 fsdbDumpvars traverse var: profile - 
          CPU/Mem usage: 0.010 sys,  0.130 user,  295.62M sys,  0.00M vm
                   incr: 0.000 sys,  0.000 user,  3.22M sys,  0.00M vm
                   accu: 0.000 sys,  0.000 user,  3.22M sys,  0.00M vm
              accu incr: 0.000 sys,  0.000 user,  3.22M sys,  0.00M vm

          Count usage: 20 var,  20 idcode,  20 callback
                 incr: 20 var,  20 idcode,  20 callback
                 accu: 20 var,  20 idcode,  20 callback
            accu incr: 20 var,  20 idcode,  20 callback
222 VC callback profile - scalar:0 vector:0
223 Tue May 19 20:25:04 2020
224 fsdbDumpvars: profile - 
          CPU/Mem usage: 0.010 sys,  0.130 user,  296.67M sys,  0.00M vm
                   incr: 0.000 sys,  0.000 user,  1.05M sys,  0.00M vm
                   accu: 0.000 sys,  0.000 user,  4.27M sys,  0.00M vm
              accu incr: 0.000 sys,  0.000 user,  1.05M sys,  0.00M vm

          Count usage: 20 var,  20 idcode,  20 callback
                 incr: 0 var,  0 idcode,  0 callback
                 accu: 20 var,  20 idcode,  20 callback
            accu incr: 0 var,  0 idcode,  0 callback
225 VC callback profile - scalar:7 vector:13
226 Tue May 19 20:25:04 2020
227 sps_call_fsdbDumpMDA at 0 : ../divide_by_three_tb.v(66)
228 *Verdi3* : Begin traversing the MDAs, layer (0).
229 *Verdi3* : Enable +mda and +packedmda dumping.
230 *Verdi3* : End of traversing the MDAs.
231 fsdbDumpMDA traverse var: profile - 
          CPU/Mem usage: 0.010 sys,  0.130 user,  296.81M sys,  0.00M vm
                   incr: 0.000 sys,  0.000 user,  0.14M sys,  0.00M vm
                   accu: 0.000 sys,  0.000 user,  0.14M sys,  0.00M vm
              accu incr: 0.000 sys,  0.000 user,  0.14M sys,  0.00M vm

          Count usage: 20 var,  20 idcode,  20 callback
                 incr: 0 var,  0 idcode,  0 callback
                 accu: 0 var,  0 idcode,  0 callback
            accu incr: 0 var,  0 idcode,  0 callback
232 VC callback profile - scalar:7 vector:13
233 Tue May 19 20:25:04 2020
234 fsdbDumpMDA: profile - 
          CPU/Mem usage: 0.010 sys,  0.130 user,  296.81M sys,  0.00M vm
                   incr: 0.000 sys,  0.000 user,  0.00M sys,  0.00M vm
                   accu: 0.000 sys,  0.000 user,  0.14M sys,  0.00M vm
              accu incr: 0.000 sys,  0.000 user,  0.00M sys,  0.00M vm

          Count usage: 20 var,  20 idcode,  20 callback
                 incr: 0 var,  0 idcode,  0 callback
                 accu: 0 var,  0 idcode,  0 callback
            accu incr: 0 var,  0 idcode,  0 callback
235 VC callback profile - scalar:7 vector:13
236 Tue May 19 20:25:04 2020
237 End of simulation at 1000000
238 VC callback profile - scalar:2070 vector:876
239 Tue May 19 20:25:04 2020
240 Parallel profile    -  Flush:3 ProduceWait:0 ConsumerWait:0 BlockUsed:0
241                        ProduceTime:0.157674682 ConsumerTime:0.000000000
242 SimExit
243 Sim process exit
